==============================================================================
Tests                                                                         
==============================================================================
Tests.AddItemsToCart :: To validate the Login Page                            
==============================================================================
Validate Unsuccessful login                                           | PASS |
------------------------------------------------------------------------------
Login Button Should Be Visible                                        | PASS |
------------------------------------------------------------------------------
Validate Successful login and Select an Item                          | PASS |
------------------------------------------------------------------------------
Validate Successful login and Select all Items                        | PASS |
------------------------------------------------------------------------------
Validate Successful login and Select all Items and checkout           | PASS |
------------------------------------------------------------------------------
Tests.AddItemsToCart :: To validate the Login Page                    | PASS |
5 tests, 5 passed, 0 failed
==============================================================================
Tests                                                                 | PASS |
5 tests, 5 passed, 0 failed
==============================================================================
Output:  C:\Users\zeapa\Repository\RobotFramework\RobotFramework1\pabot_results\0\output.xml
